Request: Sun, 13 Jun 2021 19:24:04 GMT - GET /department/2/employees/false 
Response: status code 304, 9.988 ms
Request: Sun, 13 Jun 2021 19:24:06 GMT - GET /department/2/employees/true 
Response: status code 200, 2.091 ms
Request: Sun, 13 Jun 2021 19:24:10 GMT - GET /department/1/employees/true 
Response: status code 200, 1.322 ms
Request: Sun, 13 Jun 2021 19:24:15 GMT - GET /employees 
Response: status code 304, 1.998 ms
Request: Sun, 13 Jun 2021 19:24:19 GMT - GET /employees/4 
Response: status code 304, 1.889 ms
Request: Sun, 13 Jun 2021 19:36:38 GMT - POST /translate/json 
Response: status code 404, 9.274 ms
Request: Sun, 13 Jun 2021 19:36:47 GMT - POST /translate/json 
Response: status code 404, 2.385 ms
Request: Sun, 13 Jun 2021 19:36:59 GMT - POST /translate/json 
Response: status code 200, 2.359 ms
Request: Sun, 13 Jun 2021 19:44:16 GMT - POST /translate/json 
Response: status code 200, 7.621 ms
Request: Sun, 13 Jun 2021 19:46:54 GMT - POST /translate/json 
Response: status code 200, 10.112 ms
Request: Sun, 13 Jun 2021 19:48:19 GMT - POST /translate/json 
Response: status code 200, 10.838 ms
Request: Sun, 13 Jun 2021 19:49:25 GMT - POST /translate/json 
Response: status code 200, 14.981 ms
Request: Sun, 13 Jun 2021 19:51:08 GMT - POST /translate/json 
Response: status code 200, 11.139 ms
Request: Sun, 13 Jun 2021 19:51:22 GMT - POST /translate/json 
Response: status code 200, 10.926 ms
Request: Sun, 13 Jun 2021 19:51:32 GMT - GET /translate/json 
Response: status code 404, 9.281 ms
Request: Sun, 13 Jun 2021 19:51:37 GMT - POST /translate/json 
Response: status code 200, 8.288 ms
Request: Sun, 13 Jun 2021 19:55:01 GMT - POST /translate/json 
Response: status code 500, 10.669 ms
Request: Sun, 13 Jun 2021 19:56:10 GMT - POST /translate/json 
Response: status code 200, 5.275 ms
Request: Sun, 13 Jun 2021 19:57:50 GMT - POST /translate/json 
Response: status code 500, 11.095 ms
Request: Sun, 13 Jun 2021 19:58:18 GMT - POST /translate/json 
Response: status code 200, 5.055 ms
Request: Sun, 13 Jun 2021 19:59:20 GMT - POST /translate/json 
Response: status code 200, 5.417 ms
Request: Sun, 13 Jun 2021 19:59:40 GMT - POST /translate/json 
Response: status code 200, 4.621 ms
Request: Sun, 13 Jun 2021 19:59:56 GMT - POST /translate/json 
Response: status code 200, 5.047 ms
Request: Sun, 13 Jun 2021 20:00:34 GMT - POST /translate/json 
Response: status code 200, 5.050 ms
Request: Sun, 13 Jun 2021 20:00:59 GMT - POST /translate/json 
Response: status code 200, 4.983 ms
Request: Sun, 13 Jun 2021 20:01:21 GMT - POST /translate/json 
Response: status code 200, 5.192 ms
Request: Sun, 13 Jun 2021 20:04:13 GMT - POST /translate/json 
Response: status code 200, 8.648 ms
Request: Sun, 13 Jun 2021 20:04:22 GMT - POST /translate/json 
Response: status code 200, 9.043 ms
Request: Sun, 13 Jun 2021 20:04:31 GMT - POST /translate/json 
Response: status code 200, 10.315 ms
Request: Sun, 13 Jun 2021 20:04:55 GMT - POST /translate/json 
Response: status code 200, 8.871 ms
Request: Sun, 13 Jun 2021 20:05:45 GMT - POST /translate/json 
Response: status code 200, 8.906 ms
Request: Sun, 13 Jun 2021 20:05:59 GMT - POST /translate/json 
Response: status code 200, 8.670 ms
Request: Sun, 13 Jun 2021 20:06:12 GMT - POST /translate/json 
Response: status code 200, 8.596 ms
Request: Sun, 13 Jun 2021 20:08:03 GMT - POST /translate/json 
Response: status code 200, 4.342 ms
Request: Sun, 13 Jun 2021 20:11:04 GMT - POST /translate/json 
Response: status code 200, 6.286 ms
Request: Sun, 13 Jun 2021 20:12:23 GMT - POST /translate/json 
Response: status code 500, 9.140 ms
Request: Sun, 13 Jun 2021 20:12:36 GMT - POST /translate/json 
Response: status code 200, 5.621 ms
Request: Sun, 13 Jun 2021 20:13:49 GMT - POST /translate/json 
Response: status code 200, 5.912 ms
Request: Sun, 13 Jun 2021 20:15:53 GMT - POST /translate/json 
Response: status code 200, 1.919 ms
Request: Sun, 13 Jun 2021 20:17:03 GMT - POST /translate/json 
Response: status code 200, 4.577 ms
Request: Sun, 13 Jun 2021 20:17:34 GMT - POST /translate/json 
Response: status code 200, 6.149 ms
Request: Sun, 13 Jun 2021 20:18:55 GMT - POST /translate/json 
Response: status code 200, 5.521 ms
Request: Sun, 13 Jun 2021 20:21:41 GMT - POST /translate/json 
Response: status code 500, 9.990 ms
Request: Sun, 13 Jun 2021 20:22:21 GMT - POST /translate/json 
Response: status code 500, 11.017 ms
Request: Sun, 13 Jun 2021 20:23:21 GMT - POST /translate/json 
Response: status code 500, 3.134 ms
Request: Sun, 13 Jun 2021 20:23:32 GMT - POST /translate/json 
Response: status code 500, 9.923 ms
Request: Sun, 13 Jun 2021 20:25:53 GMT - POST /translate/json 
Response: status code 500, 10.802 ms
Request: Sun, 13 Jun 2021 20:32:46 GMT - POST /translate/json 
Response: status code 500, 9.460 ms
Request: Sun, 13 Jun 2021 20:33:01 GMT - POST /translate/json 
Response: status code 500, 9.302 ms
Request: Sun, 13 Jun 2021 20:33:11 GMT - POST /translate/json 
Response: status code 500, 9.025 ms
Request: Sun, 13 Jun 2021 20:33:17 GMT - POST /translate/json 
Response: status code 500, 3.001 ms
Request: Sun, 13 Jun 2021 20:33:22 GMT - POST /translate/json 
Response: status code 500, 1.888 ms
Request: Sun, 13 Jun 2021 20:33:38 GMT - POST /translate/json 
Response: status code 500, 9.865 ms
Request: Sun, 13 Jun 2021 20:33:50 GMT - POST /translate/json 
Response: status code 500, 2.760 ms
Request: Sun, 13 Jun 2021 20:33:59 GMT - POST /translate/json 
Response: status code 500, 1.503 ms
Request: Sun, 13 Jun 2021 20:34:11 GMT - POST /translate/json 
Response: status code 500, 1.298 ms
Request: Sun, 13 Jun 2021 20:34:29 GMT - POST /translate/json 
Response: status code 500, 12.276 ms
Request: Sun, 13 Jun 2021 20:34:57 GMT - POST /translate/json 
Response: status code 500, 11.909 ms
Request: Sun, 13 Jun 2021 20:35:09 GMT - POST /translate/json 
Response: status code 500, 12.682 ms
Request: Sun, 13 Jun 2021 20:35:22 GMT - POST /translate/json 
Response: status code 500, 4.672 ms
Request: Sun, 13 Jun 2021 20:35:30 GMT - POST /translate/json 
Response: status code 500, 2.562 ms
Request: Sun, 13 Jun 2021 20:35:33 GMT - POST /translate/json 
Response: status code 500, 2.452 ms
Request: Sun, 13 Jun 2021 20:36:26 GMT - POST /translate/json 
Response: status code 500, 11.254 ms
Request: Sun, 13 Jun 2021 20:36:45 GMT - POST /translate/json 
Response: status code 500, 12.131 ms
Request: Sun, 13 Jun 2021 20:36:52 GMT - POST /translate/json 
Response: status code 500, 4.364 ms
Request: Sun, 13 Jun 2021 20:36:58 GMT - POST /translate/json 
Response: status code 500, 2.280 ms
Request: Sun, 13 Jun 2021 20:37:03 GMT - POST /translate/json 
Response: status code 500, 1.634 ms
Request: Sun, 13 Jun 2021 20:37:23 GMT - POST /translate/json 
Response: status code 200, 4.965 ms
Request: Sun, 13 Jun 2021 20:38:45 GMT - POST /translate/json 
Response: status code 500, 11.844 ms
Request: Sun, 13 Jun 2021 20:40:46 GMT - POST /translate/json 
Response: status code 200, 4.390 ms
Request: Sun, 13 Jun 2021 20:41:34 GMT - GET /employees 
Response: status code 304, 10.113 ms
Request: Sun, 13 Jun 2021 20:41:56 GMT - GET /employees/4 
Response: status code 304, 2.441 ms
Request: Sun, 13 Jun 2021 20:42:03 GMT - GET /department/1/employees 
Response: status code 304, 1.690 ms
Request: Sun, 13 Jun 2021 20:42:06 GMT - GET /department/1/employees/false 
Response: status code 304, 1.607 ms
Request: Sun, 13 Jun 2021 20:42:40 GMT - GET /employees 
Response: status code 200, 1.564 ms
Request: Sun, 13 Jun 2021 20:42:43 GMT - GET /employees 
Response: status code 200, 1.990 ms
Request: Sun, 13 Jun 2021 21:53:29 GMT - GET /department/1/employees/false 
Response: status code 304, 9.589 ms
Request: Sun, 13 Jun 2021 21:53:32 GMT - GET /department/1/employees/true 
Response: status code 304, 1.989 ms
